Started GET "/books?latest=true" for 81.23.214.25 at 2022-11-06 10:56:50 +0000
Cannot render console from 81.23.214.25! Allowed networks: 127.0.0.0/127.255.255.255, ::1
  [1m[35m (2.0ms)[0m  [1m[34mSELECT sqlite_version(*)[0m
  [1m[35m (0.2ms)[0m  [1m[34mSELECT "schema_migrations"."version" FROM "schema_migrations" ORDER BY "schema_migrations"."version" ASC[0m
Processing by BooksController#index as HTML
  Parameters: {"latest"=>"true"}
Completed 401 Unauthorized in 17ms (ActiveRecord: 0.0ms | Allocations: 5737)


Started GET "/users/sign_in" for 81.23.214.25 at 2022-11-06 10:56:50 +0000
Cannot render console from 81.23.214.25! Allowed networks: 127.0.0.0/127.255.255.255, ::1
Processing by Devise::SessionsController#new as HTML
  Rendering layout layouts/application.html.erb
  Rendering devise/sessions/new.html.erb within layouts/application
  Rendered devise/shared/_links.html.erb (Duration: 1.2ms | Allocations: 719)
  Rendered devise/sessions/new.html.erb within layouts/application (Duration: 15.1ms | Allocations: 4499)
[Webpacker] Compiling...
[Webpacker] Compilation failed:
yarn run v1.22.19
info Visit https://yarnpkg.com/en/docs/cli/run for documentation about this command.


warning ../../package.json: No license field
warning ../../package.json: No license field
error Command "webpack" not found.

  Rendered layouts/_header.html.erb (Duration: 1.3ms | Allocations: 825)
  Rendered searches/_form.html.erb (Duration: 0.6ms | Allocations: 283)
  Rendered searches/_tag_form.html.erb (Duration: 0.5ms | Allocations: 248)
  Rendered layouts/_footer.html.erb (Duration: 0.3ms | Allocations: 129)
  Rendered layout layouts/application.html.erb (Duration: 1182.5ms | Allocations: 9676)
Completed 200 OK in 1206ms (Views: 1194.6ms | ActiveRecord: 0.6ms | Allocations: 19040)


Started GET "/users/sign_up" for 81.23.214.25 at 2022-11-06 10:56:55 +0000
Cannot render console from 81.23.214.25! Allowed networks: 127.0.0.0/127.255.255.255, ::1
Processing by Devise::RegistrationsController#new as HTML
  Rendering layout layouts/application.html.erb
  Rendering devise/registrations/new.html.erb within layouts/application
  Rendered devise/shared/_error_messages.html.erb (Duration: 0.5ms | Allocations: 240)
  Rendered devise/shared/_links.html.erb (Duration: 0.4ms | Allocations: 205)
  Rendered devise/registrations/new.html.erb within layouts/application (Duration: 6.1ms | Allocations: 2855)
[Webpacker] Everything's up-to-date. Nothing to do
  Rendered layouts/_header.html.erb (Duration: 0.4ms | Allocations: 288)
  Rendered searches/_form.html.erb (Duration: 0.1ms | Allocations: 61)
  Rendered searches/_tag_form.html.erb (Duration: 0.1ms | Allocations: 61)
  Rendered layouts/_footer.html.erb (Duration: 0.1ms | Allocations: 39)
  Rendered layout layouts/application.html.erb (Duration: 13.2ms | Allocations: 5398)
Completed 200 OK in 17ms (Views: 15.9ms | ActiveRecord: 0.0ms | Allocations: 6975)


Started POST "/users" for 81.23.214.25 at 2022-11-06 10:57:14 +0000
Cannot render console from 81.23.214.25! Allowed networks: 127.0.0.0/127.255.255.255, ::1
Processing by Devise::RegistrationsController#create as HTML
  Parameters: {"authenticity_token"=>"[FILTERED]", "user"=>{"name"=>"kaiii", "email"=>"kjhgfds@kjh", "password"=>"[FILTERED]", "password_confirmation"=>"[FILTERED]"}, "commit"=>"Sign up"}
  [1m[36mTRANSACTION (0.1ms)[0m  [1m[36mbegin transaction[0m
  [1m[36mUser Exists? (0.2ms)[0m  [1m[34mSELECT 1 AS one FROM "users" WHERE "users"."email" = ? LIMIT ?[0m  [["email", "kjhgfds@kjh"], ["LIMIT", 1]]
  [1m[36mUser Exists? (0.2ms)[0m  [1m[34mSELECT 1 AS one FROM "users" WHERE "users"."name" = ? LIMIT ?[0m  [["name", "kaiii"], ["LIMIT", 1]]
  [1m[36mTRANSACTION (0.1ms)[0m  [1m[31mrollback transaction[0m
  Rendering layout layouts/application.html.erb
  Rendering devise/registrations/new.html.erb within layouts/application
  Rendered devise/shared/_error_messages.html.erb (Duration: 1.8ms | Allocations: 711)
  Rendered devise/shared/_links.html.erb (Duration: 0.3ms | Allocations: 123)
  Rendered devise/registrations/new.html.erb within layouts/application (Duration: 6.3ms | Allocations: 2902)
[Webpacker] Everything's up-to-date. Nothing to do
  Rendered layouts/_header.html.erb (Duration: 0.5ms | Allocations: 269)
  Rendered searches/_form.html.erb (Duration: 0.1ms | Allocations: 60)
  Rendered searches/_tag_form.html.erb (Duration: 0.1ms | Allocations: 60)
  Rendered layouts/_footer.html.erb (Duration: 0.1ms | Allocations: 38)
  Rendered layout layouts/application.html.erb (Duration: 13.6ms | Allocations: 5351)
Completed 200 OK in 354ms (Views: 15.4ms | ActiveRecord: 0.5ms | Allocations: 16570)


Started POST "/users" for 81.23.214.25 at 2022-11-06 10:57:21 +0000
Cannot render console from 81.23.214.25! Allowed networks: 127.0.0.0/127.255.255.255, ::1
Processing by Devise::RegistrationsController#create as HTML
  Parameters: {"authenticity_token"=>"[FILTERED]", "user"=>{"name"=>"kaiii", "email"=>"kjhgfds@kjh", "password"=>"[FILTERED]", "password_confirmation"=>"[FILTERED]"}, "commit"=>"Sign up"}
  [1m[36mTRANSACTION (0.1ms)[0m  [1m[36mbegin transaction[0m
  [1m[36mUser Exists? (0.2ms)[0m  [1m[34mSELECT 1 AS one FROM "users" WHERE "users"."email" = ? LIMIT ?[0m  [["email", "kjhgfds@kjh"], ["LIMIT", 1]]
  [1m[36mUser Exists? (0.1ms)[0m  [1m[34mSELECT 1 AS one FROM "users" WHERE "users"."name" = ? LIMIT ?[0m  [["name", "kaiii"], ["LIMIT", 1]]
  [1m[36mUser Create (0.3ms)[0m  [1m[32mINSERT INTO "users" ("email", "encrypted_password", "name", "created_at", "updated_at") VALUES (?, ?, ?, ?, ?)[0m  [["email", "kjhgfds@kjh"], ["encrypted_password", "$2a$12$2sO5Twd0owR48FSjb4lLyu/di5E8qixEwaBXXk2hGXDv6lRO/490q"], ["name", "kaiii"], ["created_at", "2022-11-06 10:57:21.754682"], ["updated_at", "2022-11-06 10:57:21.754682"]]
  [1m[36mTRANSACTION (7.5ms)[0m  [1m[36mcommit transaction[0m
Redirected to https://0f59b587338846d88af571cadf8c8a57.vfs.cloud9.ap-northeast-1.amazonaws.com/users/1
Completed 302 Found in 348ms (ActiveRecord: 8.1ms | Allocations: 10742)


Started GET "/users/1" for 81.23.214.25 at 2022-11-06 10:57:21 +0000
Cannot render console from 81.23.214.25! Allowed networks: 127.0.0.0/127.255.255.255, ::1
Processing by UsersController#show as HTML
  Parameters: {"id"=>"1"}
  [1m[36mUser Load (0.2ms)[0m  [1m[34mSELECT "users".* FROM "users" WHERE "users"."id" = ? ORDER BY "users"."id" ASC LIMIT ?[0m  [["id", 1], ["LIMIT", 1]]
  [1m[36mUser Load (0.1ms)[0m  [1m[34mSELECT "users".* FROM "users" WHERE "users"."id" = ? LIMIT ?[0m  [["id", 1], ["LIMIT", 1]]
  â†³ app/controllers/users_controller.rb:6:in `show'
  Rendering layout layouts/application.html.erb
  Rendering users/show.html.erb within layouts/application
  [1m[36mActiveStorage::Attachment Load (0.1ms)[0m  [1m[34mSELECT "active_storage_attachments".* FROM "active_storage_attachments" WHERE "active_storage_attachments"."record_id" = ? AND "active_storage_attachments"."record_type" = ? AND "active_storage_attachments"."name" = ? LIMIT ?[0m  [["record_id", 1], ["record_type", "User"], ["name", "profile_image"], ["LIMIT", 1]]
  â†³ app/models/user.rb:28:in `get_profile_image'
  [1m[35m (0.2ms)[0m  [1m[34mSELECT COUNT(*) FROM "users" INNER JOIN "relationships" ON "users"."id" = "relationships"."followed_id" WHERE "relationships"."follower_id" = ?[0m  [["follower_id", 1]]
  â†³ app/views/users/_info.html.erb:13
  [1m[35m (2.9ms)[0m  [1m[34mSELECT COUNT(*) FROM "users" INNER JOIN "relationships" ON "users"."id" = "relationships"."follower_id" WHERE "relationships"."followed_id" = ?[0m  [["followed_id", 1]]
  â†³ app/views/users/_info.html.erb:17
  Rendered users/_info.html.erb (Duration: 151.3ms | Allocations: 38951)
  Rendered books/_form.html.erb (Duration: 7.7ms | Allocations: 4080)
  [1m[36mBook Load (0.2ms)[0m  [1m[34mSELECT "books".* FROM "books" WHERE "books"."user_id" = ?[0m  [["user_id", 1]]
  â†³ app/views/books/_index.html.erb:12
  Rendered books/_index.html.erb (Duration: 3.8ms | Allocations: 1697)
  Rendered users/show.html.erb within layouts/application (Duration: 194.7ms | Allocations: 45626)
[Webpacker] Everything's up-to-date. Nothing to do
  Rendered layouts/_header.html.erb (Duration: 0.5ms | Allocations: 273)
  Rendered searches/_form.html.erb (Duration: 2.4ms | Allocations: 2182)
  Rendered searches/_tag_form.html.erb (Duration: 0.7ms | Allocations: 1692)
  Rendered layouts/_footer.html.erb (Duration: 0.1ms | Allocations: 39)
  Rendered layout layouts/application.html.erb (Duration: 204.5ms | Allocations: 51810)
Completed 200 OK in 241ms (Views: 202.6ms | ActiveRecord: 4.9ms | Allocations: 65310)


Started POST "/books" for 81.23.214.25 at 2022-11-06 10:57:38 +0000
Cannot render console from 81.23.214.25! Allowed networks: 127.0.0.0/127.255.255.255, ::1
Processing by BooksController#create as HTML
  Parameters: {"authenticity_token"=>"[FILTERED]", "book"=>{"title"=>"æœ¬ã®ã‚¿ã‚¤ãƒˆãƒ«", "body"=>"æ„Ÿæƒ³", "tag_name"=>"ã‚¿ã‚°ãƒ†ã‚¹ãƒˆ", "rate"=>"5"}, "commit"=>"Create Book"}
  [1m[36mUser Load (0.1ms)[0m  [1m[34mSELECT "users".* FROM "users" WHERE "users"."id" = ? ORDER BY "users"."id" ASC LIMIT ?[0m  [["id", 1], ["LIMIT", 1]]
[31mUnpermitted parameter: :tag_name[0m
  [1m[36mTRANSACTION (0.1ms)[0m  [1m[36mbegin transaction[0m
  â†³ app/controllers/books_controller.rb:19:in `create'
  [1m[36mUser Load (0.3ms)[0m  [1m[34mSELECT "users".* FROM "users" WHERE "users"."id" = ? LIMIT ?[0m  [["id", 1], ["LIMIT", 1]]
  â†³ app/controllers/books_controller.rb:19:in `create'
  [1m[36mBook Create (0.3ms)[0m  [1m[32mINSERT INTO "books" ("title", "body", "user_id", "rate", "created_at", "updated_at") VALUES (?, ?, ?, ?, ?, ?)[0m  [["title", "æœ¬ã®ã‚¿ã‚¤ãƒˆãƒ«"], ["body", "æ„Ÿæƒ³"], ["user_id", 1], ["rate", 5.0], ["created_at", "2022-11-06 10:57:38.745356"], ["updated_at", "2022-11-06 10:57:38.745356"]]
  â†³ app/controllers/books_controller.rb:19:in `create'
  [1m[36mTRANSACTION (4.7ms)[0m  [1m[36mcommit transaction[0m
  â†³ app/controllers/books_controller.rb:19:in `create'
  [1m[35m (0.1ms)[0m  [1m[34mSELECT "tags"."name" FROM "tags" INNER JOIN "book_tags" ON "tags"."id" = "book_tags"."tag_id" WHERE "book_tags"."book_id" = ?[0m  [["book_id", 1]]
  â†³ app/models/book.rb:17:in `save_tags'
  [1m[36mTag Load (0.1ms)[0m  [1m[34mSELECT "tags".* FROM "tags" WHERE "tags"."name" = ? LIMIT ?[0m  [["name", "ã‚¿ã‚°ãƒ†ã‚¹ãƒˆ"], ["LIMIT", 1]]
  â†³ app/models/book.rb:30:in `block in save_tags'
  [1m[36mTRANSACTION (0.0ms)[0m  [1m[36mbegin transaction[0m
  â†³ app/models/book.rb:30:in `block in save_tags'
  [1m[36mTag Create (0.2ms)[0m  [1m[32mINSERT INTO "tags" ("name", "created_at", "updated_at") VALUES (?, ?, ?)[0m  [["name", "ã‚¿ã‚°ãƒ†ã‚¹ãƒˆ"], ["created_at", "2022-11-06 10:57:38.773374"], ["updated_at", "2022-11-06 10:57:38.773374"]]
  â†³ app/models/book.rb:30:in `block in save_tags'
  [1m[36mTRANSACTION (3.2ms)[0m  [1m[36mcommit transaction[0m
  â†³ app/models/book.rb:30:in `block in save_tags'
  [1m[36mTRANSACTION (0.0ms)[0m  [1m[36mbegin transaction[0m
  â†³ app/models/book.rb:32:in `block in save_tags'
  [1m[36mBookTag Create (0.2ms)[0m  [1m[32mINSERT INTO "book_tags" ("book_id", "tag_id", "created_at", "updated_at") VALUES (?, ?, ?, ?)[0m  [["book_id", 1], ["tag_id", 1], ["created_at", "2022-11-06 10:57:38.793044"], ["updated_at", "2022-11-06 10:57:38.793044"]]
  â†³ app/models/book.rb:32:in `block in save_tags'
  [1m[36mTRANSACTION (3.2ms)[0m  [1m[36mcommit transaction[0m
  â†³ app/models/book.rb:32:in `block in save_tags'
Redirected to https://0f59b587338846d88af571cadf8c8a57.vfs.cloud9.ap-northeast-1.amazonaws.com/books/1
Completed 302 Found in 73ms (ActiveRecord: 13.6ms | Allocations: 30395)


Started GET "/books/1" for 81.23.214.25 at 2022-11-06 10:57:38 +0000
Cannot render console from 81.23.214.25! Allowed networks: 127.0.0.0/127.255.255.255, ::1
Processing by BooksController#show as HTML
  Parameters: {"id"=>"1"}
  [1m[36mUser Load (0.1ms)[0m  [1m[34mSELECT "users".* FROM "users" WHERE "users"."id" = ? ORDER BY "users"."id" ASC LIMIT ?[0m  [["id", 1], ["LIMIT", 1]]
  [1m[36mBook Load (0.2ms)[0m  [1m[34mSELECT "books".* FROM "books" WHERE "books"."id" = ? LIMIT ?[0m  [["id", 1], ["LIMIT", 1]]
  â†³ app/controllers/books_controller.rb:6:in `show'
  Rendering layout layouts/application.html.erb
  Rendering books/show.html.erb within layouts/application
  [1m[36mUser Load (0.1ms)[0m  [1m[34mSELECT "users".* FROM "users" WHERE "users"."id" = ? LIMIT ?[0m  [["id", 1], ["LIMIT", 1]]
  â†³ app/views/books/show.html.erb:5
  [1m[36mActiveStorage::Attachment Load (0.1ms)[0m  [1m[34mSELECT "active_storage_attachments".* FROM "active_storage_attachments" WHERE "active_storage_attachments"."record_id" = ? AND "active_storage_attachments"."record_type" = ? AND "active_storage_attachments"."name" = ? LIMIT ?[0m  [["record_id", 1], ["record_type", "User"], ["name", "profile_image"], ["LIMIT", 1]]
  â†³ app/models/user.rb:28:in `get_profile_image'
  [1m[35m (0.1ms)[0m  [1m[34mSELECT COUNT(*) FROM "users" INNER JOIN "relationships" ON "users"."id" = "relationships"."followed_id" WHERE "relationships"."follower_id" = ?[0m  [["follower_id", 1]]
  â†³ app/views/users/_info.html.erb:13
  [1m[35m (0.1ms)[0m  [1m[34mSELECT COUNT(*) FROM "users" INNER JOIN "relationships" ON "users"."id" = "relationships"."follower_id" WHERE "relationships"."followed_id" = ?[0m  [["followed_id", 1]]
  â†³ app/views/users/_info.html.erb:17
  Rendered users/_info.html.erb (Duration: 9.9ms | Allocations: 4145)
  Rendered books/_form.html.erb (Duration: 4.3ms | Allocations: 2702)
  [1m[36mTag Load (0.1ms)[0m  [1m[34mSELECT "tags".* FROM "tags" INNER JOIN "book_tags" ON "tags"."id" = "book_tags"."tag_id" WHERE "book_tags"."book_id" = ?[0m  [["book_id", 1]]
  â†³ app/views/books/show.html.erb:21
  [1m[36mFavorite Exists? (0.1ms)[0m  [1m[34mSELECT 1 AS one FROM "favorites" WHERE "favorites"."book_id" = ? AND "favorites"."user_id" = ? LIMIT ?[0m  [["book_id", 1], ["user_id", 1], ["LIMIT", 1]]
  â†³ app/models/book.rb:12:in `favorited_by?'
  [1m[35m (0.1ms)[0m  [1m[34mSELECT COUNT(*) FROM "favorites" WHERE "favorites"."book_id" = ?[0m  [["book_id", 1]]
  â†³ app/views/favorites/_btn.html.erb:9
  Rendered favorites/_btn.html.erb (Duration: 8.1ms | Allocations: 4223)
  [1m[35m (0.1ms)[0m  [1m[34mSELECT COUNT(*) FROM "book_comments" WHERE "book_comments"."book_id" = ?[0m  [["book_id", 1]]
  â†³ app/views/book_comments/_counter.html.erb:1
  Rendered book_comments/_counter.html.erb (Duration: 3.2ms | Allocations: 1771)
  Rendered books/_static_rate.html.erb (Duration: 1.2ms | Allocations: 1023)
  [1m[36mBookComment Load (0.1ms)[0m  [1m[34mSELECT "book_comments".* FROM "book_comments" WHERE "book_comments"."book_id" = ?[0m  [["book_id", 1]]
  â†³ app/views/book_comments/_index.html.erb:3
  Rendered book_comments/_index.html.erb (Duration: 3.0ms | Allocations: 1260)
  Rendered book_comments/_form.html.erb (Duration: 1.2ms | Allocations: 730)
  Rendered books/show.html.erb within layouts/application (Duration: 43.0ms | Allocations: 20455)
[Webpacker] Everything's up-to-date. Nothing to do
  Rendered layouts/_header.html.erb (Duration: 0.3ms | Allocations: 252)
  Rendered searches/_form.html.erb (Duration: 1.2ms | Allocations: 1901)
  Rendered searches/_tag_form.html.erb (Duration: 0.7ms | Allocations: 1678)
  Rendered layouts/_footer.html.erb (Duration: 0.1ms | Allocations: 39)
  Rendered layout layouts/application.html.erb (Duration: 50.5ms | Allocations: 26300)
Completed 200 OK in 66ms (Views: 51.1ms | ActiveRecord: 2.1ms | Allocations: 33945)


Started GET "/search?content=%E3%82%BF%E3%82%B0%E3%83%86%E3%82%B9%E3%83%88&method=perfect&model=tag" for 81.23.214.25 at 2022-11-06 10:57:45 +0000
Cannot render console from 81.23.214.25! Allowed networks: 127.0.0.0/127.255.255.255, ::1
Processing by SearchesController#search as HTML
  Parameters: {"content"=>"ã‚¿ã‚°ãƒ†ã‚¹ãƒˆ", "method"=>"perfect", "model"=>"tag"}
  [1m[36mUser Load (0.1ms)[0m  [1m[34mSELECT "users".* FROM "users" WHERE "users"."id" = ? ORDER BY "users"."id" ASC LIMIT ?[0m  [["id", 1], ["LIMIT", 1]]
  [1m[36mTag Load (0.4ms)[0m  [1m[34mSELECT "tags".* FROM "tags" WHERE "tags"."name" = ?[0m  [["name", "ã‚¿ã‚°ãƒ†ã‚¹ãƒˆ"]]
  â†³ app/models/tag.rb:19:in `inject'
  [1m[36mBook Load (0.1ms)[0m  [1m[34mSELECT "books".* FROM "books" INNER JOIN "book_tags" ON "books"."id" = "book_tags"."book_id" WHERE "book_tags"."tag_id" = ?[0m  [["tag_id", 1]]
  â†³ app/models/tag.rb:19:in `+'
  Rendering layout layouts/application.html.erb
  Rendering searches/search.html.erb within layouts/application
  [1m[36mUser Load (0.1ms)[0m  [1m[34mSELECT "users".* FROM "users" WHERE "users"."id" = ? LIMIT ?[0m  [["id", 1], ["LIMIT", 1]]
  â†³ app/views/books/_index.html.erb:14
  [1m[36mActiveStorage::Attachment Load (0.1ms)[0m  [1m[34mSELECT "active_storage_attachments".* FROM "active_storage_attachments" WHERE "active_storage_attachments"."record_id" = ? AND "active_storage_attachments"."record_type" = ? AND "active_storage_attachments"."name" = ? LIMIT ?[0m  [["record_id", 1], ["record_type", "User"], ["name", "profile_image"], ["LIMIT", 1]]
  â†³ app/models/user.rb:28:in `get_profile_image'
  [1m[36mTag Load (0.1ms)[0m  [1m[34mSELECT "tags".* FROM "tags" INNER JOIN "book_tags" ON "tags"."id" = "book_tags"."tag_id" WHERE "book_tags"."book_id" = ?[0m  [["book_id", 1]]
  â†³ app/views/books/_index.html.erb:21
  [1m[36mFavorite Exists? (0.1ms)[0m  [1m[34mSELECT 1 AS one FROM "favorites" WHERE "favorites"."book_id" = ? AND "favorites"."user_id" = ? LIMIT ?[0m  [["book_id", 1], ["user_id", 1], ["LIMIT", 1]]
  â†³ app/models/book.rb:12:in `favorited_by?'
  [1m[35m (0.1ms)[0m  [1m[34mSELECT COUNT(*) FROM "favorites" WHERE "favorites"."book_id" = ?[0m  [["book_id", 1]]
  â†³ app/views/favorites/_btn.html.erb:9
  Rendered favorites/_btn.html.erb (Duration: 5.4ms | Allocations: 1981)
  [1m[35m (0.1ms)[0m  [1m[34mSELECT COUNT(*) FROM "book_comments" WHERE "book_comments"."book_id" = ?[0m  [["book_id", 1]]
  â†³ app/views/book_comments/_counter.html.erb:1
  Rendered book_comments/_counter.html.erb (Duration: 2.8ms | Allocations: 971)
  Rendered books/_static_rate.html.erb (Duration: 1.7ms | Allocations: 1303)
  Rendered books/_index.html.erb (Duration: 21.2ms | Allocations: 8573)
  Rendered searches/search.html.erb within layouts/application (Duration: 22.1ms | Allocations: 8885)
[Webpacker] Everything's up-to-date. Nothing to do
  Rendered layouts/_header.html.erb (Duration: 0.4ms | Allocations: 254)
  Rendered searches/_form.html.erb (Duration: 1.2ms | Allocations: 1926)
  Rendered searches/_tag_form.html.erb (Duration: 1.1ms | Allocations: 1679)
  Rendered layouts/_footer.html.erb (Duration: 0.1ms | Allocations: 39)
  Rendered layout layouts/application.html.erb (Duration: 30.6ms | Allocations: 14811)
Completed 200 OK in 42ms (Views: 32.1ms | ActiveRecord: 1.3ms | Allocations: 20028)


Started GET "/books" for 81.23.214.25 at 2022-11-06 10:57:47 +0000
Cannot render console from 81.23.214.25! Allowed networks: 127.0.0.0/127.255.255.255, ::1
Processing by BooksController#index as HTML
  [1m[36mUser Load (0.1ms)[0m  [1m[34mSELECT "users".* FROM "users" WHERE "users"."id" = ? ORDER BY "users"."id" ASC LIMIT ?[0m  [["id", 1], ["LIMIT", 1]]
  Rendering layout layouts/application.html.erb
  Rendering books/index.html.erb within layouts/application
  Rendered layouts/_errors.html.erb (Duration: 0.4ms | Allocations: 211)
  [1m[36mActiveStorage::Attachment Load (0.1ms)[0m  [1m[34mSELECT "active_storage_attachments".* FROM "active_storage_attachments" WHERE "active_storage_attachments"."record_id" = ? AND "active_storage_attachments"."record_type" = ? AND "active_storage_attachments"."name" = ? LIMIT ?[0m  [["record_id", 1], ["record_type", "User"], ["name", "profile_image"], ["LIMIT", 1]]
  â†³ app/models/user.rb:28:in `get_profile_image'
  [1m[35m (0.2ms)[0m  [1m[34mSELECT COUNT(*) FROM "users" INNER JOIN "relationships" ON "users"."id" = "relationships"."followed_id" WHERE "relationships"."follower_id" = ?[0m  [["follower_id", 1]]
  â†³ app/views/users/_info.html.erb:13
  [1m[35m (0.1ms)[0m  [1m[34mSELECT COUNT(*) FROM "users" INNER JOIN "relationships" ON "users"."id" = "relationships"."follower_id" WHERE "relationships"."followed_id" = ?[0m  [["followed_id", 1]]
  â†³ app/views/users/_info.html.erb:17
  Rendered users/_info.html.erb (Duration: 10.1ms | Allocations: 3846)
  Rendered books/_form.html.erb (Duration: 3.9ms | Allocations: 2636)
  [1m[36mBook Load (0.1ms)[0m  [1m[34mSELECT "books".* FROM "books"[0m
  â†³ app/views/books/_index.html.erb:12
  [1m[36mUser Load (0.1ms)[0m  [1m[34mSELECT "users".* FROM "users" WHERE "users"."id" = ? LIMIT ?[0m  [["id", 1], ["LIMIT", 1]]
  â†³ app/views/books/_index.html.erb:14
  [1m[36mCACHE ActiveStorage::Attachment Load (0.0ms)[0m  [1m[34mSELECT "active_storage_attachments".* FROM "active_storage_attachments" WHERE "active_storage_attachments"."record_id" = ? AND "active_storage_attachments"."record_type" = ? AND "active_storage_attachments"."name" = ? LIMIT ?[0m  [["record_id", 1], ["record_type", "User"], ["name", "profile_image"], ["LIMIT", 1]]
  â†³ app/models/user.rb:28:in `get_profile_image'
  [1m[36mTag Load (0.1ms)[0m  [1m[34mSELECT "tags".* FROM "tags" INNER JOIN "book_tags" ON "tags"."id" = "book_tags"."tag_id" WHERE "book_tags"."book_id" = ?[0m  [["book_id", 1]]
  â†³ app/views/books/_index.html.erb:21
  [1m[36mFavorite Exists? (0.1ms)[0m  [1m[34mSELECT 1 AS one FROM "favorites" WHERE "favorites"."book_id" = ? AND "favorites"."user_id" = ? LIMIT ?[0m  [["book_id", 1], ["user_id", 1], ["LIMIT", 1]]
  â†³ app/models/book.rb:12:in `favorited_by?'
  [1m[35m (0.1ms)[0m  [1m[34mSELECT COUNT(*) FROM "favorites" WHERE "favorites"."book_id" = ?[0m  [["book_id", 1]]
  â†³ app/views/favorites/_btn.html.erb:9
  Rendered favorites/_btn.html.erb (Duration: 5.4ms | Allocations: 1921)
  [1m[35m (0.1ms)[0m  [1m[34mSELECT COUNT(*) FROM "book_comments" WHERE "book_comments"."book_id" = ?[0m  [["book_id", 1]]
  â†³ app/views/book_comments/_counter.html.erb:1
  Rendered book_comments/_counter.html.erb (Duration: 2.8ms | Allocations: 969)
  Rendered books/_static_rate.html.erb (Duration: 0.7ms | Allocations: 726)
  Rendered books/_index.html.erb (Duration: 21.7ms | Allocations: 7973)
  Rendered books/index.html.erb within layouts/application (Duration: 39.8ms | Allocations: 15411)
[Webpacker] Everything's up-to-date. Nothing to do
  Rendered layouts/_header.html.erb (Duration: 0.3ms | Allocations: 239)
  Rendered searches/_form.html.erb (Duration: 1.2ms | Allocations: 1875)
  Rendered searches/_tag_form.html.erb (Duration: 0.9ms | Allocations: 1675)
  Rendered layouts/_footer.html.erb (Duration: 0.1ms | Allocations: 38)
  Rendered layout layouts/application.html.erb (Duration: 48.1ms | Allocations: 21212)
Completed 200 OK in 53ms (Views: 48.1ms | ActiveRecord: 1.1ms | Allocations: 23076)


Started GET "/search?content=%E3%82%BF%E3%82%B0%E3%83%86%E3%82%B9%E3%83%88&method=perfect&model=tag" for 81.23.214.25 at 2022-11-06 10:57:49 +0000
Cannot render console from 81.23.214.25! Allowed networks: 127.0.0.0/127.255.255.255, ::1
Processing by SearchesController#search as HTML
  Parameters: {"content"=>"ã‚¿ã‚°ãƒ†ã‚¹ãƒˆ", "method"=>"perfect", "model"=>"tag"}
  [1m[36mUser Load (0.1ms)[0m  [1m[34mSELECT "users".* FROM "users" WHERE "users"."id" = ? ORDER BY "users"."id" ASC LIMIT ?[0m  [["id", 1], ["LIMIT", 1]]
  [1m[36mTag Load (0.1ms)[0m  [1m[34mSELECT "tags".* FROM "tags" WHERE "tags"."name" = ?[0m  [["name", "ã‚¿ã‚°ãƒ†ã‚¹ãƒˆ"]]
  â†³ app/models/tag.rb:19:in `inject'
  [1m[36mBook Load (0.1ms)[0m  [1m[34mSELECT "books".* FROM "books" INNER JOIN "book_tags" ON "books"."id" = "book_tags"."book_id" WHERE "book_tags"."tag_id" = ?[0m  [["tag_id", 1]]
  â†³ app/models/tag.rb:19:in `+'
  Rendering layout layouts/application.html.erb
  Rendering searches/search.html.erb within layouts/application
  [1m[36mUser Load (0.1ms)[0m  [1m[34mSELECT "users".* FROM "users" WHERE "users"."id" = ? LIMIT ?[0m  [["id", 1], ["LIMIT", 1]]
  â†³ app/views/books/_index.html.erb:14
  [1m[36mActiveStorage::Attachment Load (0.1ms)[0m  [1m[34mSELECT "active_storage_attachments".* FROM "active_storage_attachments" WHERE "active_storage_attachments"."record_id" = ? AND "active_storage_attachments"."record_type" = ? AND "active_storage_attachments"."name" = ? LIMIT ?[0m  [["record_id", 1], ["record_type", "User"], ["name", "profile_image"], ["LIMIT", 1]]
  â†³ app/models/user.rb:28:in `get_profile_image'
  [1m[36mTag Load (0.1ms)[0m  [1m[34mSELECT "tags".* FROM "tags" INNER JOIN "book_tags" ON "tags"."id" = "book_tags"."tag_id" WHERE "book_tags"."book_id" = ?[0m  [["book_id", 1]]
  â†³ app/views/books/_index.html.erb:21
  [1m[36mFavorite Exists? (0.2ms)[0m  [1m[34mSELECT 1 AS one FROM "favorites" WHERE "favorites"."book_id" = ? AND "favorites"."user_id" = ? LIMIT ?[0m  [["book_id", 1], ["user_id", 1], ["LIMIT", 1]]
  â†³ app/models/book.rb:12:in `favorited_by?'
  [1m[35m (0.1ms)[0m  [1m[34mSELECT COUNT(*) FROM "favorites" WHERE "favorites"."book_id" = ?[0m  [["book_id", 1]]
  â†³ app/views/favorites/_btn.html.erb:9
  Rendered favorites/_btn.html.erb (Duration: 5.4ms | Allocations: 1933)
  [1m[35m (0.1ms)[0m  [1m[34mSELECT COUNT(*) FROM "book_comments" WHERE "book_comments"."book_id" = ?[0m  [["book_id", 1]]
  â†³ app/views/book_comments/_counter.html.erb:1
  Rendered book_comments/_counter.html.erb (Duration: 2.7ms | Allocations: 970)
  Rendered books/_static_rate.html.erb (Duration: 1.8ms | Allocations: 1295)
  Rendered books/_index.html.erb (Duration: 23.1ms | Allocations: 8771)
  Rendered searches/search.html.erb within layouts/application (Duration: 23.7ms | Allocations: 8876)
[Webpacker] Everything's up-to-date. Nothing to do
  Rendered layouts/_header.html.erb (Duration: 0.5ms | Allocations: 239)
  Rendered searches/_form.html.erb (Duration: 1.0ms | Allocations: 1875)
  Rendered searches/_tag_form.html.erb (Duration: 0.8ms | Allocations: 1675)
  Rendered layouts/_footer.html.erb (Duration: 0.1ms | Allocations: 38)
  Rendered layout layouts/application.html.erb (Duration: 31.6ms | Allocations: 14678)
Completed 200 OK in 41ms (Views: 32.2ms | ActiveRecord: 0.9ms | Allocations: 17918)


Started GET "/search?content=%E3%82%BF%E3%82%B0%E3%83%86%E3%82%B9%E3%83%88&method=perfect&model=tag" for 81.23.214.25 at 2022-11-06 10:57:50 +0000
Cannot render console from 81.23.214.25! Allowed networks: 127.0.0.0/127.255.255.255, ::1
Processing by SearchesController#search as HTML
  Parameters: {"content"=>"ã‚¿ã‚°ãƒ†ã‚¹ãƒˆ", "method"=>"perfect", "model"=>"tag"}
  [1m[36mUser Load (0.1ms)[0m  [1m[34mSELECT "users".* FROM "users" WHERE "users"."id" = ? ORDER BY "users"."id" ASC LIMIT ?[0m  [["id", 1], ["LIMIT", 1]]
  [1m[36mTag Load (0.1ms)[0m  [1m[34mSELECT "tags".* FROM "tags" WHERE "tags"."name" = ?[0m  [["name", "ã‚¿ã‚°ãƒ†ã‚¹ãƒˆ"]]
  â†³ app/models/tag.rb:19:in `inject'
  [1m[36mBook Load (0.1ms)[0m  [1m[34mSELECT "books".* FROM "books" INNER JOIN "book_tags" ON "books"."id" = "book_tags"."book_id" WHERE "book_tags"."tag_id" = ?[0m  [["tag_id", 1]]
  â†³ app/models/tag.rb:19:in `+'
  Rendering layout layouts/application.html.erb
  Rendering searches/search.html.erb within layouts/application
  [1m[36mUser Load (0.1ms)[0m  [1m[34mSELECT "users".* FROM "users" WHERE "users"."id" = ? LIMIT ?[0m  [["id", 1], ["LIMIT", 1]]
  â†³ app/views/books/_index.html.erb:14
  [1m[36mActiveStorage::Attachment Load (0.1ms)[0m  [1m[34mSELECT "active_storage_attachments".* FROM "active_storage_attachments" WHERE "active_storage_attachments"."record_id" = ? AND "active_storage_attachments"."record_type" = ? AND "active_storage_attachments"."name" = ? LIMIT ?[0m  [["record_id", 1], ["record_type", "User"], ["name", "profile_image"], ["LIMIT", 1]]
  â†³ app/models/user.rb:28:in `get_profile_image'
  [1m[36mTag Load (0.1ms)[0m  [1m[34mSELECT "tags".* FROM "tags" INNER JOIN "book_tags" ON "tags"."id" = "book_tags"."tag_id" WHERE "book_tags"."book_id" = ?[0m  [["book_id", 1]]
  â†³ app/views/books/_index.html.erb:21
  [1m[36mFavorite Exists? (0.2ms)[0m  [1m[34mSELECT 1 AS one FROM "favorites" WHERE "favorites"."book_id" = ? AND "favorites"."user_id" = ? LIMIT ?[0m  [["book_id", 1], ["user_id", 1], ["LIMIT", 1]]
  â†³ app/models/book.rb:12:in `favorited_by?'
  [1m[35m (0.1ms)[0m  [1m[34mSELECT COUNT(*) FROM "favorites" WHERE "favorites"."book_id" = ?[0m  [["book_id", 1]]
  â†³ app/views/favorites/_btn.html.erb:9
  Rendered favorites/_btn.html.erb (Duration: 5.4ms | Allocations: 1933)
  [1m[35m (0.1ms)[0m  [1m[34mSELECT COUNT(*) FROM "book_comments" WHERE "book_comments"."book_id" = ?[0m  [["book_id", 1]]
  â†³ app/views/book_comments/_counter.html.erb:1
  Rendered book_comments/_counter.html.erb (Duration: 2.6ms | Allocations: 970)
  Rendered books/_static_rate.html.erb (Duration: 6.6ms | Allocations: 1302)
  Rendered books/_index.html.erb (Duration: 25.5ms | Allocations: 8103)
  Rendered searches/search.html.erb within layouts/application (Duration: 26.0ms | Allocations: 8208)
[Webpacker] Everything's up-to-date. Nothing to do
  Rendered layouts/_header.html.erb (Duration: 0.4ms | Allocations: 239)
  Rendered searches/_form.html.erb (Duration: 1.4ms | Allocations: 1876)
  Rendered searches/_tag_form.html.erb (Duration: 1.0ms | Allocations: 1675)
  Rendered layouts/_footer.html.erb (Duration: 0.1ms | Allocations: 38)
  Rendered layout layouts/application.html.erb (Duration: 35.1ms | Allocations: 14011)
Completed 200 OK in 44ms (Views: 35.5ms | ActiveRecord: 0.9ms | Allocations: 17248)


Started GET "/search?content=%E3%82%BF%E3%82%B0%E3%83%86%E3%82%B9%E3%83%88&method=perfect&model=tag" for 81.23.214.25 at 2022-11-06 10:57:51 +0000
Cannot render console from 81.23.214.25! Allowed networks: 127.0.0.0/127.255.255.255, ::1
Processing by SearchesController#search as HTML
  Parameters: {"content"=>"ã‚¿ã‚°ãƒ†ã‚¹ãƒˆ", "method"=>"perfect", "model"=>"tag"}
  [1m[36mUser Load (0.1ms)[0m  [1m[34mSELECT "users".* FROM "users" WHERE "users"."id" = ? ORDER BY "users"."id" ASC LIMIT ?[0m  [["id", 1], ["LIMIT", 1]]
  [1m[36mTag Load (0.1ms)[0m  [1m[34mSELECT "tags".* FROM "tags" WHERE "tags"."name" = ?[0m  [["name", "ã‚¿ã‚°ãƒ†ã‚¹ãƒˆ"]]
  â†³ app/models/tag.rb:19:in `inject'
  [1m[36mBook Load (0.1ms)[0m  [1m[34mSELECT "books".* FROM "books" INNER JOIN "book_tags" ON "books"."id" = "book_tags"."book_id" WHERE "book_tags"."tag_id" = ?[0m  [["tag_id", 1]]
  â†³ app/models/tag.rb:19:in `+'
  Rendering layout layouts/application.html.erb
  Rendering searches/search.html.erb within layouts/application
  [1m[36mUser Load (0.1ms)[0m  [1m[34mSELECT "users".* FROM "users" WHERE "users"."id" = ? LIMIT ?[0m  [["id", 1], ["LIMIT", 1]]
  â†³ app/views/books/_index.html.erb:14
  [1m[36mActiveStorage::Attachment Load (0.1ms)[0m  [1m[34mSELECT "active_storage_attachments".* FROM "active_storage_attachments" WHERE "active_storage_attachments"."record_id" = ? AND "active_storage_attachments"."record_type" = ? AND "active_storage_attachments"."name" = ? LIMIT ?[0m  [["record_id", 1], ["record_type", "User"], ["name", "profile_image"], ["LIMIT", 1]]
  â†³ app/models/user.rb:28:in `get_profile_image'
  [1m[36mTag Load (0.1ms)[0m  [1m[34mSELECT "tags".* FROM "tags" INNER JOIN "book_tags" ON "tags"."id" = "book_tags"."tag_id" WHERE "book_tags"."book_id" = ?[0m  [["book_id", 1]]
  â†³ app/views/books/_index.html.erb:21
  [1m[36mFavorite Exists? (0.1ms)[0m  [1m[34mSELECT 1 AS one FROM "favorites" WHERE "favorites"."book_id" = ? AND "favorites"."user_id" = ? LIMIT ?[0m  [["book_id", 1], ["user_id", 1], ["LIMIT", 1]]
  â†³ app/models/book.rb:12:in `favorited_by?'
  [1m[35m (0.1ms)[0m  [1m[34mSELECT COUNT(*) FROM "favorites" WHERE "favorites"."book_id" = ?[0m  [["book_id", 1]]
  â†³ app/views/favorites/_btn.html.erb:9
  Rendered favorites/_btn.html.erb (Duration: 4.8ms | Allocations: 1933)
  [1m[35m (0.1ms)[0m  [1m[34mSELECT COUNT(*) FROM "book_comments" WHERE "book_comments"."book_id" = ?[0m  [["book_id", 1]]
  â†³ app/views/book_comments/_counter.html.erb:1
  Rendered book_comments/_counter.html.erb (Duration: 2.2ms | Allocations: 970)
  Rendered books/_static_rate.html.erb (Duration: 1.8ms | Allocations: 1300)
  Rendered books/_index.html.erb (Duration: 19.6ms | Allocations: 8104)
  Rendered searches/search.html.erb within layouts/application (Duration: 20.1ms | Allocations: 8209)
[Webpacker] Everything's up-to-date. Nothing to do
  Rendered layouts/_header.html.erb (Duration: 0.4ms | Allocations: 239)
  Rendered searches/_form.html.erb (Duration: 1.1ms | Allocations: 1876)
  Rendered searches/_tag_form.html.erb (Duration: 1.0ms | Allocations: 1675)
  Rendered layouts/_footer.html.erb (Duration: 0.1ms | Allocations: 38)
  Rendered layout layouts/application.html.erb (Duration: 27.6ms | Allocations: 14012)
Completed 200 OK in 37ms (Views: 28.0ms | ActiveRecord: 0.9ms | Allocations: 17250)


Started GET "/users" for 81.23.214.25 at 2022-11-06 10:57:52 +0000
Cannot render console from 81.23.214.25! Allowed networks: 127.0.0.0/127.255.255.255, ::1
Processing by UsersController#index as HTML
  [1m[36mUser Load (0.1ms)[0m  [1m[34mSELECT "users".* FROM "users" WHERE "users"."id" = ? ORDER BY "users"."id" ASC LIMIT ?[0m  [["id", 1], ["LIMIT", 1]]
  Rendering layout layouts/application.html.erb
  Rendering users/index.html.erb within layouts/application
  [1m[36mActiveStorage::Attachment Load (0.3ms)[0m  [1m[34mSELECT "active_storage_attachments".* FROM "active_storage_attachments" WHERE "active_storage_attachments"."record_id" = ? AND "active_storage_attachments"."record_type" = ? AND "active_storage_attachments"."name" = ? LIMIT ?[0m  [["record_id", 1], ["record_type", "User"], ["name", "profile_image"], ["LIMIT", 1]]
  â†³ app/models/user.rb:28:in `get_profile_image'
  [1m[35m (0.2ms)[0m  [1m[34mSELECT COUNT(*) FROM "users" INNER JOIN "relationships" ON "users"."id" = "relationships"."followed_id" WHERE "relationships"."follower_id" = ?[0m  [["follower_id", 1]]
  â†³ app/views/users/_info.html.erb:13
  [1m[35m (0.2ms)[0m  [1m[34mSELECT COUNT(*) FROM "users" INNER JOIN "relationships" ON "users"."id" = "relationships"."follower_id" WHERE "relationships"."followed_id" = ?[0m  [["followed_id", 1]]
  â†³ app/views/users/_info.html.erb:17
  Rendered users/_info.html.erb (Duration: 9.3ms | Allocations: 3839)
  Rendered books/_form.html.erb (Duration: 3.7ms | Allocations: 2583)
  [1m[36mUser Load (0.1ms)[0m  [1m[34mSELECT "users".* FROM "users"[0m
  â†³ app/views/users/_index.html.erb:10
  [1m[36mCACHE ActiveStorage::Attachment Load (0.0ms)[0m  [1m[34mSELECT "active_storage_attachments".* FROM "active_storage_attachments" WHERE "active_storage_attachments"."record_id" = ? AND "active_storage_attachments"."record_type" = ? AND "active_storage_attachments"."name" = ? LIMIT ?[0m  [["record_id", 1], ["record_type", "User"], ["name", "profile_image"], ["LIMIT", 1]]
  â†³ app/models/user.rb:28:in `get_profile_image'
  Rendered relationships/_btn.html.erb (Duration: 0.5ms | Allocations: 202)
  Rendered users/_index.html.erb (Duration: 6.4ms | Allocations: 2716)
  Rendered users/index.html.erb within layouts/application (Duration: 21.2ms | Allocations: 9643)
[Webpacker] Everything's up-to-date. Nothing to do
  Rendered layouts/_header.html.erb (Duration: 0.4ms | Allocations: 239)
  Rendered searches/_form.html.erb (Duration: 1.1ms | Allocations: 1875)
  Rendered searches/_tag_form.html.erb (Duration: 1.0ms | Allocations: 1675)
  Rendered layouts/_footer.html.erb (Duration: 0.1ms | Allocations: 38)
  Rendered layout layouts/application.html.erb (Duration: 28.5ms | Allocations: 15444)
Completed 200 OK in 33ms (Views: 28.5ms | ActiveRecord: 0.9ms | Allocations: 17204)


Started GET "/books" for 81.23.214.25 at 2022-11-06 10:57:54 +0000
Cannot render console from 81.23.214.25! Allowed networks: 127.0.0.0/127.255.255.255, ::1
Processing by BooksController#index as HTML
  [1m[36mUser Load (0.1ms)[0m  [1m[34mSELECT "users".* FROM "users" WHERE "users"."id" = ? ORDER BY "users"."id" ASC LIMIT ?[0m  [["id", 1], ["LIMIT", 1]]
  Rendering layout layouts/application.html.erb
  Rendering books/index.html.erb within layouts/application
  Rendered layouts/_errors.html.erb (Duration: 0.1ms | Allocations: 42)
  [1m[36mActiveStorage::Attachment Load (0.1ms)[0m  [1m[34mSELECT "active_storage_attachments".* FROM "active_storage_attachments" WHERE "active_storage_attachments"."record_id" = ? AND "active_storage_attachments"."record_type" = ? AND "active_storage_attachments"."name" = ? LIMIT ?[0m  [["record_id", 1], ["record_type", "User"], ["name", "profile_image"], ["LIMIT", 1]]
  â†³ app/models/user.rb:28:in `get_profile_image'
  [1m[35m (0.1ms)[0m  [1m[34mSELECT COUNT(*) FROM "users" INNER JOIN "relationships" ON "users"."id" = "relationships"."followed_id" WHERE "relationships"."follower_id" = ?[0m  [["follower_id", 1]]
  â†³ app/views/users/_info.html.erb:13
  [1m[35m (0.1ms)[0m  [1m[34mSELECT COUNT(*) FROM "users" INNER JOIN "relationships" ON "users"."id" = "relationships"."follower_id" WHERE "relationships"."followed_id" = ?[0m  [["followed_id", 1]]
  â†³ app/views/users/_info.html.erb:17
  Rendered users/_info.html.erb (Duration: 10.0ms | Allocations: 3840)
  Rendered books/_form.html.erb (Duration: 3.7ms | Allocations: 2576)
  [1m[36mBook Load (0.1ms)[0m  [1m[34mSELECT "books".* FROM "books"[0m
  â†³ app/views/books/_index.html.erb:12
  [1m[36mUser Load (0.1ms)[0m  [1m[34mSELECT "users".* FROM "users" WHERE "users"."id" = ? LIMIT ?[0m  [["id", 1], ["LIMIT", 1]]
  â†³ app/views/books/_index.html.erb:14
  [1m[36mCACHE ActiveStorage::Attachment Load (0.0ms)[0m  [1m[34mSELECT "active_storage_attachments".* FROM "active_storage_attachments" WHERE "active_storage_attachments"."record_id" = ? AND "active_storage_attachments"."record_type" = ? AND "active_storage_attachments"."name" = ? LIMIT ?[0m  [["record_id", 1], ["record_type", "User"], ["name", "profile_image"], ["LIMIT", 1]]
  â†³ app/models/user.rb:28:in `get_profile_image'
  [1m[36mTag Load (0.1ms)[0m  [1m[34mSELECT "tags".* FROM "tags" INNER JOIN "book_tags" ON "tags"."id" = "book_tags"."tag_id" WHERE "book_tags"."book_id" = ?[0m  [["book_id", 1]]
  â†³ app/views/books/_index.html.erb:21
  [1m[36mFavorite Exists? (0.1ms)[0m  [1m[34mSELECT 1 AS one FROM "favorites" WHERE "favorites"."book_id" = ? AND "favorites"."user_id" = ? LIMIT ?[0m  [["book_id", 1], ["user_id", 1], ["LIMIT", 1]]
  â†³ app/models/book.rb:12:in `favorited_by?'
  [1m[35m (0.1ms)[0m  [1m[34mSELECT COUNT(*) FROM "favorites" WHERE "favorites"."book_id" = ?[0m  [["book_id", 1]]
  â†³ app/views/favorites/_btn.html.erb:9
  Rendered favorites/_btn.html.erb (Duration: 5.3ms | Allocations: 1921)
  [1m[35m (0.1ms)[0m  [1m[34mSELECT COUNT(*) FROM "book_comments" WHERE "book_comments"."book_id" = ?[0m  [["book_id", 1]]
  â†³ app/views/book_comments/_counter.html.erb:1
  Rendered book_comments/_counter.html.erb (Duration: 2.5ms | Allocations: 969)
  Rendered books/_static_rate.html.erb (Duration: 0.9ms | Allocations: 726)
  Rendered books/_index.html.erb (Duration: 20.8ms | Allocations: 7893)
  Rendered books/index.html.erb within layouts/application (Duration: 36.6ms | Allocations: 14746)
[Webpacker] Everything's up-to-date. Nothing to do
  Rendered layouts/_header.html.erb (Duration: 0.3ms | Allocations: 239)
  Rendered searches/_form.html.erb (Duration: 1.1ms | Allocations: 1875)
  Rendered searches/_tag_form.html.erb (Duration: 0.7ms | Allocations: 1675)
  Rendered layouts/_footer.html.erb (Duration: 0.1ms | Allocations: 38)
  Rendered layout layouts/application.html.erb (Duration: 46.9ms | Allocations: 20547)
Completed 200 OK in 53ms (Views: 47.0ms | ActiveRecord: 1.1ms | Allocations: 22865)


Started GET "/books?sort=rate+DESC" for 81.23.214.25 at 2022-11-06 10:57:55 +0000
Cannot render console from 81.23.214.25! Allowed networks: 127.0.0.0/127.255.255.255, ::1
Processing by BooksController#index as HTML
  Parameters: {"sort"=>"rate DESC"}
  [1m[36mUser Load (0.1ms)[0m  [1m[34mSELECT "users".* FROM "users" WHERE "users"."id" = ? ORDER BY "users"."id" ASC LIMIT ?[0m  [["id", 1], ["LIMIT", 1]]
  Rendering layout layouts/application.html.erb
  Rendering books/index.html.erb within layouts/application
  Rendered layouts/_errors.html.erb (Duration: 0.1ms | Allocations: 42)
  [1m[36mActiveStorage::Attachment Load (0.1ms)[0m  [1m[34mSELECT "active_storage_attachments".* FROM "active_storage_attachments" WHERE "active_storage_attachments"."record_id" = ? AND "active_storage_attachments"."record_type" = ? AND "active_storage_attachments"."name" = ? LIMIT ?[0m  [["record_id", 1], ["record_type", "User"], ["name", "profile_image"], ["LIMIT", 1]]
  â†³ app/models/user.rb:28:in `get_profile_image'
  [1m[35m (0.2ms)[0m  [1m[34mSELECT COUNT(*) FROM "users" INNER JOIN "relationships" ON "users"."id" = "relationships"."followed_id" WHERE "relationships"."follower_id" = ?[0m  [["follower_id", 1]]
  â†³ app/views/users/_info.html.erb:13
  [1m[35m (0.1ms)[0m  [1m[34mSELECT COUNT(*) FROM "users" INNER JOIN "relationships" ON "users"."id" = "relationships"."follower_id" WHERE "relationships"."followed_id" = ?[0m  [["followed_id", 1]]
  â†³ app/views/users/_info.html.erb:17
  Rendered users/_info.html.erb (Duration: 13.9ms | Allocations: 3842)
  Rendered books/_form.html.erb (Duration: 3.8ms | Allocations: 2583)
  [1m[36mBook Load (0.2ms)[0m  [1m[34mSELECT "books".* FROM "books" ORDER BY rate DESC[0m
  â†³ app/views/books/_index.html.erb:12
  [1m[36mUser Load (0.1ms)[0m  [1m[34mSELECT "users".* FROM "users" WHERE "users"."id" = ? LIMIT ?[0m  [["id", 1], ["LIMIT", 1]]
  â†³ app/views/books/_index.html.erb:14
  [1m[36mCACHE ActiveStorage::Attachment Load (0.0ms)[0m  [1m[34mSELECT "active_storage_attachments".* FROM "active_storage_attachments" WHERE "active_storage_attachments"."record_id" = ? AND "active_storage_attachments"."record_type" = ? AND "active_storage_attachments"."name" = ? LIMIT ?[0m  [["record_id", 1], ["record_type", "User"], ["name", "profile_image"], ["LIMIT", 1]]
  â†³ app/models/user.rb:28:in `get_profile_image'
  [1m[36mTag Load (0.1ms)[0m  [1m[34mSELECT "tags".* FROM "tags" INNER JOIN "book_tags" ON "tags"."id" = "book_tags"."tag_id" WHERE "book_tags"."book_id" = ?[0m  [["book_id", 1]]
  â†³ app/views/books/_index.html.erb:21
  [1m[36mFavorite Exists? (0.2ms)[0m  [1m[34mSELECT 1 AS one FROM "favorites" WHERE "favorites"."book_id" = ? AND "favorites"."user_id" = ? LIMIT ?[0m  [["book_id", 1], ["user_id", 1], ["LIMIT", 1]]
  â†³ app/models/book.rb:12:in `favorited_by?'
  [1m[35m (0.2ms)[0m  [1m[34mSELECT COUNT(*) FROM "favorites" WHERE "favorites"."book_id" = ?[0m  [["book_id", 1]]
  â†³ app/views/favorites/_btn.html.erb:9
  Rendered favorites/_btn.html.erb (Duration: 5.5ms | Allocations: 1921)
  [1m[35m (0.1ms)[0m  [1m[34mSELECT COUNT(*) FROM "book_comments" WHERE "book_comments"."book_id" = ?[0m  [["book_id", 1]]
  â†³ app/views/book_comments/_counter.html.erb:1
  Rendered book_comments/_counter.html.erb (Duration: 5.1ms | Allocations: 969)
  Rendered books/_static_rate.html.erb (Duration: 0.7ms | Allocations: 726)
  Rendered books/_index.html.erb (Duration: 23.8ms | Allocations: 7930)
  Rendered books/index.html.erb within layouts/application (Duration: 43.7ms | Allocations: 14792)
[Webpacker] Everything's up-to-date. Nothing to do
  Rendered layouts/_header.html.erb (Duration: 0.4ms | Allocations: 239)
  Rendered searches/_form.html.erb (Duration: 1.2ms | Allocations: 1876)
  Rendered searches/_tag_form.html.erb (Duration: 1.0ms | Allocations: 1675)
  Rendered layouts/_footer.html.erb (Duration: 0.1ms | Allocations: 38)
  Rendered layout layouts/application.html.erb (Duration: 52.2ms | Allocations: 20594)
Completed 200 OK in 60ms (Views: 52.1ms | ActiveRecord: 1.3ms | Allocations: 22919)


